<?xml version="1.0" encoding="UTF-8"?>
<!-- Generated by org.testng.reporters.JUnitReportReporter -->
<testsuite skipped="0" hostname="NYKHLQ7G72" name="us.st.appium.SampleWebDriverTest" tests="1" failures="0" timestamp="31 Oct 2016 13:25:59 GMT" time="23.316" errors="0">
  <testcase name="runInLocalBrowser" time="23.316" classname="us.st.appium.SampleWebDriverTest"/>
</testsuite> <!-- us.st.appium.SampleWebDriverTest -->
