<?xml version="1.0" encoding="UTF-8"?>
<!-- Generated by org.testng.reporters.JUnitReportReporter -->
<testsuite hostname="R_O_Y-PC" name="us.st.selenium.DeleteMovie" tests="1" failures="0" timestamp="30 Jul 2015 21:22:32 GMT" time="1.807" errors="0">
  <testcase name="testDeleteMovie" time="1.807" classname="us.st.selenium.DeleteMovie"/>
</testsuite> <!-- us.st.selenium.DeleteMovie -->
