<?xml version="1.0" encoding="UTF-8"?>
<!-- Generated by org.testng.reporters.JUnitReportReporter -->
<testsuite hostname="R_O_Y-PC" name="us.st.selenium.AddMovie" tests="1" failures="0" timestamp="12 Oct 2015 03:41:34 GMT" time="26.210" errors="0">
  <testcase name="testAddMovie" time="26.210" classname="us.st.selenium.AddMovie"/>
</testsuite> <!-- us.st.selenium.AddMovie -->
