<?xml version="1.0" encoding="UTF-8"?>
<!-- Generated by org.testng.reporters.JUnitReportReporter -->
<testsuite hostname="R_O_Y-PC" name="us.st.selenium.LogOut" tests="1" failures="0" timestamp="1 Aug 2015 21:13:49 GMT" time="7.109" errors="0">
  <testcase name="testLogOut" time="7.109" classname="us.st.selenium.LogOut"/>
</testsuite> <!-- us.st.selenium.LogOut -->
