<?xml version="1.0" encoding="UTF-8"?>
<!-- Generated by org.testng.reporters.JUnitReportReporter -->
<testsuite hostname="DESKTOP-K2OAQEC" name="us.st.selenium.Login" tests="1" failures="0" timestamp="17 Jan 2016 03:15:44 GMT" time="0.001" errors="1">
  <testcase name="testLogin" time="0.001" classname="us.st.selenium.Login">
    <error type="org.openqa.selenium.WebDriverException" message="Failed to connect to binary FirefoxBinary(C:\Program Files (x86)\Mozilla Firefox\firefox.exe) on port 7055; process output follows: 
van Kaspersky Lab&quot;,&quot;creator&quot;:null,&quot;homepageURL&quot;:null},{&quot;locales&quot;:[&quot;pt-BR&quot;],&quot;name&quot;:&quot;ProteÃ§Ã£o Kaspersky&quot;,&quot;description&quot;:&quot;Sua proteÃ§Ã£o na Internet com a extensÃ£o da Kaspersky Lab&quot;,&quot;creator&quot;:null,&quot;homepageURL&quot;:null},{&quot;locales&quot;:[&quot;ru&quot;],&quot;name&quot;:&quot;Kaspersky Protection&quot;,&quot;description&quot;:&quot;Ð’Ð°ÑˆÐ° Ð·Ð°Ñ‰Ð¸Ñ‚Ð° Ð² Ð¸Ð½Ñ‚ÐµÑ€Ð½ÐµÑ‚Ðµ Ñ� Ñ€Ð°Ñ�ÑˆÐ¸Ñ€ÐµÐ½Ð¸ÐµÐ¼ Ð¾Ñ‚ \\\&quot;Ð›Ð°Ð±Ð¾Ñ€Ð°Ñ‚Ð¾Ñ€Ð¸Ð¸ ÐšÐ°Ñ�Ð¿ÐµÑ€Ñ�ÐºÐ¾Ð³Ð¾\\\&quot;&quot;,&quot;creator&quot;:null,&quot;homepageURL&quot;:null},{&quot;locales&quot;:[&quot;sv&quot;],&quot;name&quot;:&quot;Kaspersky Protection&quot;,&quot;description&quot;:&quot;Ditt skydd pÃ¥ internet med tillÃ¤gg frÃ¥n Kaspersky Lab&quot;,&quot;creator&quot;:null,&quot;homepageURL&quot;:null},{&quot;locales&quot;:[&quot;zh-Hans&quot;],&quot;name&quot;:&quot;å�¡å·´æ–¯åŸºä¿�æŠ¤&quot;,&quot;description&quot;:&quot;ä½¿ç”¨å�¡å·´æ–¯åŸºå®žéªŒå®¤çš„æ‰©å±•åŠŸèƒ½å¯¹æ‚¨çš„äº’è�”ç½‘çš„ä¿�æŠ¤ã€‚&quot;,&quot;creator&quot;:null,&quot;homepageURL&quot;:null}],&quot;targetApplications&quot;:[{&quot;id&quot;:&quot;{ec8030f7-c20a-464f-9b0e-13a3a9e97384}&quot;,&quot;minVersion&quot;:&quot;26.0&quot;,&quot;maxVersion&quot;:&quot;30.0&quot;}],&quot;targetPlatforms&quot;:[],&quot;multiprocessCompatible&quot;:false,&quot;signedState&quot;:-2}
1453000498870	DeferredSave.extensions.json	DEBUG	Save changes
1453000498870	addons.xpi	DEBUG	Updating database with changes to installed add-ons
1453000498870	addons.xpi-utils	DEBUG	Updating add-on states
1453000498871	addons.xpi-utils	DEBUG	Writing add-ons list
1453000498874	addons.manager	DEBUG	Registering shutdown blocker for XPIProvider
1453000498874	addons.manager	DEBUG	Provider finished startup: XPIProvider
1453000498874	addons.manager	DEBUG	Starting provider: LightweightThemeManager
1453000498875	addons.manager	DEBUG	Registering shutdown blocker for LightweightThemeManager
1453000498875	addons.manager	DEBUG	Provider finished startup: LightweightThemeManager
1453000498875	addons.manager	DEBUG	Starting provider: GMPProvider
1453000498881	addons.manager	DEBUG	Registering shutdown blocker for GMPProvider
1453000498881	addons.manager	DEBUG	Provider finished startup: GMPProvider
1453000498881	addons.manager	DEBUG	Starting provider: PluginProvider
1453000498881	addons.manager	DEBUG	Registering shutdown blocker for PluginProvider
1453000498881	addons.manager	DEBUG	Provider finished startup: PluginProvider
1453000498881	addons.manager	DEBUG	Completed startup sequence
1453000499158	addons.manager	DEBUG	Starting provider: &lt;unnamed-provider&gt;
1453000499158	addons.manager	DEBUG	Registering shutdown blocker for &lt;unnamed-provider&gt;
1453000499158	addons.manager	DEBUG	Provider finished startup: &lt;unnamed-provider&gt;
1453000499506	DeferredSave.extensions.json	DEBUG	Write succeeded
1453000499506	addons.xpi-utils	DEBUG	XPI Database saved, setting schema version preference to 17
1453000499506	DeferredSave.extensions.json	DEBUG	Starting timer
1453000499516	addons.repository	DEBUG	No addons.json found.
1453000499516	DeferredSave.addons.json	DEBUG	Save changes
1453000499519	DeferredSave.addons.json	DEBUG	Starting timer
1453000499529	addons.manager	DEBUG	Starting provider: PreviousExperimentProvider
1453000499529	addons.manager	DEBUG	Registering shutdown blocker for PreviousExperimentProvider
1453000499530	addons.manager	DEBUG	Provider finished startup: PreviousExperimentProvider
1453000499533	DeferredSave.extensions.json	DEBUG	Starting write
1453000499556	DeferredSave.extensions.json	DEBUG	Write succeeded
1453000499706	DeferredSave.addons.json	DEBUG	Starting write
1453000500287	DeferredSave.addons.json	DEBUG	Write succeeded
1453000540589	addons.manager	DEBUG	shutdown
1453000540590	addons.manager	DEBUG	Calling shutdown blocker for XPIProvider
1453000540590	addons.xpi	DEBUG	shutdown
1453000540590	addons.xpi-utils	DEBUG	shutdown
1453000540590	addons.manager	DEBUG	Calling shutdown blocker for LightweightThemeManager
1453000540591	addons.manager	DEBUG	Calling shutdown blocker for GMPProvider
1453000540592	addons.manager	DEBUG	Calling shutdown blocker for PluginProvider
1453000540592	addons.manager	DEBUG	Calling shutdown blocker for &lt;unnamed-provider&gt;
1453000540594	addons.manager	DEBUG	Calling shutdown blocker for PreviousExperimentProvider
1453000540596	addons.xpi	DEBUG	Notifying XPI shutdown observers
1453000540599	addons.manager	DEBUG	Async provider shutdown done

Build info: version: &#039;2.46.0&#039;, revision: &#039;61506a4624b13675f24581e453592342b7485d71&#039;, time: &#039;2015-06-04 10:22:50&#039;
System info: host: &#039;DESKTOP-K2OAQEC&#039;, ip: &#039;192.168.1.254&#039;, os.name: &#039;Windows 10&#039;, os.arch: &#039;amd64&#039;, os.version: &#039;10.0&#039;, java.version: &#039;1.8.0_66&#039;
Driver info: driver.version: FirefoxDriver">
      <![CDATA[org.openqa.selenium.WebDriverException: Failed to connect to binary FirefoxBinary(C:\Program Files (x86)\Mozilla Firefox\firefox.exe) on port 7055; process output follows: 
van Kaspersky Lab","creator":null,"homepageURL":null},{"locales":["pt-BR"],"name":"ProteÃ§Ã£o Kaspersky","description":"Sua proteÃ§Ã£o na Internet com a extensÃ£o da Kaspersky Lab","creator":null,"homepageURL":null},{"locales":["ru"],"name":"Kaspersky Protection","description":"Ð’Ð°ÑˆÐ° Ð·Ð°Ñ‰Ð¸Ñ‚Ð° Ð² Ð¸Ð½Ñ‚ÐµÑ€Ð½ÐµÑ‚Ðµ Ñ� Ñ€Ð°Ñ�ÑˆÐ¸Ñ€ÐµÐ½Ð¸ÐµÐ¼ Ð¾Ñ‚ \\\"Ð›Ð°Ð±Ð¾Ñ€Ð°Ñ‚Ð¾Ñ€Ð¸Ð¸ ÐšÐ°Ñ�Ð¿ÐµÑ€Ñ�ÐºÐ¾Ð³Ð¾\\\"","creator":null,"homepageURL":null},{"locales":["sv"],"name":"Kaspersky Protection","description":"Ditt skydd pÃ¥ internet med tillÃ¤gg frÃ¥n Kaspersky Lab","creator":null,"homepageURL":null},{"locales":["zh-Hans"],"name":"å�¡å·´æ–¯åŸºä¿�æŠ¤","description":"ä½¿ç”¨å�¡å·´æ–¯åŸºå®žéªŒå®¤çš„æ‰©å±•åŠŸèƒ½å¯¹æ‚¨çš„äº’è�”ç½‘çš„ä¿�æŠ¤ã€‚","creator":null,"homepageURL":null}],"targetApplications":[{"id":"{ec8030f7-c20a-464f-9b0e-13a3a9e97384}","minVersion":"26.0","maxVersion":"30.0"}],"targetPlatforms":[],"multiprocessCompatible":false,"signedState":-2}
1453000498870	DeferredSave.extensions.json	DEBUG	Save changes
1453000498870	addons.xpi	DEBUG	Updating database with changes to installed add-ons
1453000498870	addons.xpi-utils	DEBUG	Updating add-on states
1453000498871	addons.xpi-utils	DEBUG	Writing add-ons list
1453000498874	addons.manager	DEBUG	Registering shutdown blocker for XPIProvider
1453000498874	addons.manager	DEBUG	Provider finished startup: XPIProvider
1453000498874	addons.manager	DEBUG	Starting provider: LightweightThemeManager
1453000498875	addons.manager	DEBUG	Registering shutdown blocker for LightweightThemeManager
1453000498875	addons.manager	DEBUG	Provider finished startup: LightweightThemeManager
1453000498875	addons.manager	DEBUG	Starting provider: GMPProvider
1453000498881	addons.manager	DEBUG	Registering shutdown blocker for GMPProvider
1453000498881	addons.manager	DEBUG	Provider finished startup: GMPProvider
1453000498881	addons.manager	DEBUG	Starting provider: PluginProvider
1453000498881	addons.manager	DEBUG	Registering shutdown blocker for PluginProvider
1453000498881	addons.manager	DEBUG	Provider finished startup: PluginProvider
1453000498881	addons.manager	DEBUG	Completed startup sequence
1453000499158	addons.manager	DEBUG	Starting provider: <unnamed-provider>
1453000499158	addons.manager	DEBUG	Registering shutdown blocker for <unnamed-provider>
1453000499158	addons.manager	DEBUG	Provider finished startup: <unnamed-provider>
1453000499506	DeferredSave.extensions.json	DEBUG	Write succeeded
1453000499506	addons.xpi-utils	DEBUG	XPI Database saved, setting schema version preference to 17
1453000499506	DeferredSave.extensions.json	DEBUG	Starting timer
1453000499516	addons.repository	DEBUG	No addons.json found.
1453000499516	DeferredSave.addons.json	DEBUG	Save changes
1453000499519	DeferredSave.addons.json	DEBUG	Starting timer
1453000499529	addons.manager	DEBUG	Starting provider: PreviousExperimentProvider
1453000499529	addons.manager	DEBUG	Registering shutdown blocker for PreviousExperimentProvider
1453000499530	addons.manager	DEBUG	Provider finished startup: PreviousExperimentProvider
1453000499533	DeferredSave.extensions.json	DEBUG	Starting write
1453000499556	DeferredSave.extensions.json	DEBUG	Write succeeded
1453000499706	DeferredSave.addons.json	DEBUG	Starting write
1453000500287	DeferredSave.addons.json	DEBUG	Write succeeded
1453000540589	addons.manager	DEBUG	shutdown
1453000540590	addons.manager	DEBUG	Calling shutdown blocker for XPIProvider
1453000540590	addons.xpi	DEBUG	shutdown
1453000540590	addons.xpi-utils	DEBUG	shutdown
1453000540590	addons.manager	DEBUG	Calling shutdown blocker for LightweightThemeManager
1453000540591	addons.manager	DEBUG	Calling shutdown blocker for GMPProvider
1453000540592	addons.manager	DEBUG	Calling shutdown blocker for PluginProvider
1453000540592	addons.manager	DEBUG	Calling shutdown blocker for <unnamed-provider>
1453000540594	addons.manager	DEBUG	Calling shutdown blocker for PreviousExperimentProvider
1453000540596	addons.xpi	DEBUG	Notifying XPI shutdown observers
1453000540599	addons.manager	DEBUG	Async provider shutdown done

Build info: version: '2.46.0', revision: '61506a4624b13675f24581e453592342b7485d71', time: '2015-06-04 10:22:50'
System info: host: 'DESKTOP-K2OAQEC', ip: '192.168.1.254', os.name: 'Windows 10', os.arch: 'amd64', os.version: '10.0', java.version: '1.8.0_66'
Driver info: driver.version: FirefoxDriver
	at org.openqa.selenium.firefox.internal.NewProfileExtensionConnection.start(NewProfileExtensionConnection.java:132)
	at org.openqa.selenium.firefox.FirefoxDriver.startClient(FirefoxDriver.java:275)
	at org.openqa.selenium.remote.RemoteWebDriver.<init>(RemoteWebDriver.java:116)
	at org.openqa.selenium.firefox.FirefoxDriver.<init>(FirefoxDriver.java:220)
	at org.openqa.selenium.firefox.FirefoxDriver.<init>(FirefoxDriver.java:215)
	at org.openqa.selenium.firefox.FirefoxDriver.<init>(FirefoxDriver.java:132)
	at ru.stqa.selenium.factory.WebDriverFactoryInternal.createLocalDriver(WebDriverFactoryInternal.java:74)
	at ru.stqa.selenium.factory.WebDriverFactoryInternal.newDriver(WebDriverFactoryInternal.java:58)
	at ru.stqa.selenium.factory.ThreadLocalSingletonStorage.createNewDriver(ThreadLocalSingletonStorage.java:91)
	at ru.stqa.selenium.factory.ThreadLocalSingletonStorage.getDriver(ThreadLocalSingletonStorage.java:36)
	at ru.stqa.selenium.factory.WebDriverFactoryInternal.getDriver(WebDriverFactoryInternal.java:49)
	at ru.stqa.selenium.factory.WebDriverFactory.getDriver(WebDriverFactory.java:39)
	at us.st.selenium.pages.TestBase.init(TestBase.java:38)
	at sun.reflect.NativeMethodAccessorImpl.invoke0(Native Method)
	at sun.reflect.NativeMethodAccessorImpl.invoke(NativeMethodAccessorImpl.java:62)
	at sun.reflect.DelegatingMethodAccessorImpl.invoke(DelegatingMethodAccessorImpl.java:43)
	at java.lang.reflect.Method.invoke(Method.java:497)
	at org.testng.internal.MethodInvocationHelper.invokeMethod(MethodInvocationHelper.java:85)
	at org.testng.internal.Invoker.invokeConfigurationMethod(Invoker.java:517)
	at org.testng.internal.Invoker.invokeConfigurations(Invoker.java:213)
	at org.testng.internal.Invoker.invokeConfigurations(Invoker.java:140)
	at org.testng.internal.TestMethodWorker.invokeBeforeClassMethods(TestMethodWorker.java:170)
	at org.testng.internal.TestMethodWorker.run(TestMethodWorker.java:104)
	at org.testng.TestRunner.privateRun(TestRunner.java:771)
	at org.testng.TestRunner.run(TestRunner.java:621)
	at org.testng.SuiteRunner.runTest(SuiteRunner.java:357)
	at org.testng.SuiteRunner.runSequentially(SuiteRunner.java:352)
	at org.testng.SuiteRunner.privateRun(SuiteRunner.java:310)
	at org.testng.SuiteRunner.run(SuiteRunner.java:259)
	at org.testng.SuiteRunnerWorker.runSuite(SuiteRunnerWorker.java:52)
	at org.testng.SuiteRunnerWorker.run(SuiteRunnerWorker.java:86)
	at org.testng.TestNG.runSuitesSequentially(TestNG.java:1199)
	at org.testng.TestNG.runSuitesLocally(TestNG.java:1124)
	at org.testng.TestNG.run(TestNG.java:1032)
	at org.apache.maven.surefire.testng.TestNGExecutor.run(TestNGExecutor.java:217)
	at org.apache.maven.surefire.testng.TestNGXmlTestSuite.execute(TestNGXmlTestSuite.java:84)
	at org.apache.maven.surefire.testng.TestNGProvider.invoke(TestNGProvider.java:92)
	at org.apache.maven.surefire.booter.ForkedBooter.invokeProviderInSameClassLoader(ForkedBooter.java:200)
	at org.apache.maven.surefire.booter.ForkedBooter.runSuitesInProcess(ForkedBooter.java:153)
	at org.apache.maven.surefire.booter.ForkedBooter.main(ForkedBooter.java:103)
Caused by: org.openqa.selenium.firefox.NotConnectedException: Unable to connect to host 127.0.0.1 on port 7055 after 45000 ms. Firefox console output:
van Kaspersky Lab","creator":null,"homepageURL":null},{"locales":["pt-BR"],"name":"ProteÃ§Ã£o Kaspersky","description":"Sua proteÃ§Ã£o na Internet com a extensÃ£o da Kaspersky Lab","creator":null,"homepageURL":null},{"locales":["ru"],"name":"Kaspersky Protection","description":"Ð’Ð°ÑˆÐ° Ð·Ð°Ñ‰Ð¸Ñ‚Ð° Ð² Ð¸Ð½Ñ‚ÐµÑ€Ð½ÐµÑ‚Ðµ Ñ� Ñ€Ð°Ñ�ÑˆÐ¸Ñ€ÐµÐ½Ð¸ÐµÐ¼ Ð¾Ñ‚ \\\"Ð›Ð°Ð±Ð¾Ñ€Ð°Ñ‚Ð¾Ñ€Ð¸Ð¸ ÐšÐ°Ñ�Ð¿ÐµÑ€Ñ�ÐºÐ¾Ð³Ð¾\\\"","creator":null,"homepageURL":null},{"locales":["sv"],"name":"Kaspersky Protection","description":"Ditt skydd pÃ¥ internet med tillÃ¤gg frÃ¥n Kaspersky Lab","creator":null,"homepageURL":null},{"locales":["zh-Hans"],"name":"å�¡å·´æ–¯åŸºä¿�æŠ¤","description":"ä½¿ç”¨å�¡å·´æ–¯åŸºå®žéªŒå®¤çš„æ‰©å±•åŠŸèƒ½å¯¹æ‚¨çš„äº’è�”ç½‘çš„ä¿�æŠ¤ã€‚","creator":null,"homepageURL":null}],"targetApplications":[{"id":"{ec8030f7-c20a-464f-9b0e-13a3a9e97384}","minVersion":"26.0","maxVersion":"30.0"}],"targetPlatforms":[],"multiprocessCompatible":false,"signedState":-2}
1453000498870	DeferredSave.extensions.json	DEBUG	Save changes
1453000498870	addons.xpi	DEBUG	Updating database with changes to installed add-ons
1453000498870	addons.xpi-utils	DEBUG	Updating add-on states
1453000498871	addons.xpi-utils	DEBUG	Writing add-ons list
1453000498874	addons.manager	DEBUG	Registering shutdown blocker for XPIProvider
1453000498874	addons.manager	DEBUG	Provider finished startup: XPIProvider
1453000498874	addons.manager	DEBUG	Starting provider: LightweightThemeManager
1453000498875	addons.manager	DEBUG	Registering shutdown blocker for LightweightThemeManager
1453000498875	addons.manager	DEBUG	Provider finished startup: LightweightThemeManager
1453000498875	addons.manager	DEBUG	Starting provider: GMPProvider
1453000498881	addons.manager	DEBUG	Registering shutdown blocker for GMPProvider
1453000498881	addons.manager	DEBUG	Provider finished startup: GMPProvider
1453000498881	addons.manager	DEBUG	Starting provider: PluginProvider
1453000498881	addons.manager	DEBUG	Registering shutdown blocker for PluginProvider
1453000498881	addons.manager	DEBUG	Provider finished startup: PluginProvider
1453000498881	addons.manager	DEBUG	Completed startup sequence
1453000499158	addons.manager	DEBUG	Starting provider: <unnamed-provider>
1453000499158	addons.manager	DEBUG	Registering shutdown blocker for <unnamed-provider>
1453000499158	addons.manager	DEBUG	Provider finished startup: <unnamed-provider>
1453000499506	DeferredSave.extensions.json	DEBUG	Write succeeded
1453000499506	addons.xpi-utils	DEBUG	XPI Database saved, setting schema version preference to 17
1453000499506	DeferredSave.extensions.json	DEBUG	Starting timer
1453000499516	addons.repository	DEBUG	No addons.json found.
1453000499516	DeferredSave.addons.json	DEBUG	Save changes
1453000499519	DeferredSave.addons.json	DEBUG	Starting timer
1453000499529	addons.manager	DEBUG	Starting provider: PreviousExperimentProvider
1453000499529	addons.manager	DEBUG	Registering shutdown blocker for PreviousExperimentProvider
1453000499530	addons.manager	DEBUG	Provider finished startup: PreviousExperimentProvider
1453000499533	DeferredSave.extensions.json	DEBUG	Starting write
1453000499556	DeferredSave.extensions.json	DEBUG	Write succeeded
1453000499706	DeferredSave.addons.json	DEBUG	Starting write
1453000500287	DeferredSave.addons.json	DEBUG	Write succeeded
1453000540589	addons.manager	DEBUG	shutdown
1453000540590	addons.manager	DEBUG	Calling shutdown blocker for XPIProvider
1453000540590	addons.xpi	DEBUG	shutdown
1453000540590	addons.xpi-utils	DEBUG	shutdown
1453000540590	addons.manager	DEBUG	Calling shutdown blocker for LightweightThemeManager
1453000540591	addons.manager	DEBUG	Calling shutdown blocker for GMPProvider
1453000540592	addons.manager	DEBUG	Calling shutdown blocker for PluginProvider
1453000540592	addons.manager	DEBUG	Calling shutdown blocker for <unnamed-provider>
1453000540594	addons.manager	DEBUG	Calling shutdown blocker for PreviousExperimentProvider
1453000540596	addons.xpi	DEBUG	Notifying XPI shutdown observers
1453000540599	addons.manager	DEBUG	Async provider shutdown done

	at org.openqa.selenium.firefox.internal.NewProfileExtensionConnection.start(NewProfileExtensionConnection.java:120)
	... 39 more
]]>
    </error>
  </testcase> <!-- testLogin -->
</testsuite> <!-- us.st.selenium.Login -->
