<?xml version="1.0" encoding="UTF-8"?>
<!-- Generated by org.testng.reporters.JUnitReportReporter -->
<testsuite hostname="R_O_Y-PC" name="us.st.selenium.LogOut" tests="1" failures="0" timestamp="30 Jul 2015 21:22:32 GMT" time="0.281" errors="0">
  <testcase name="testLogOut" time="0.281" classname="us.st.selenium.LogOut"/>
</testsuite> <!-- us.st.selenium.LogOut -->
