<?xml version="1.0" encoding="UTF-8"?>
<!-- Generated by org.testng.reporters.JUnitReportReporter -->
<testsuite hostname="R_O_Y-PC" name="us.st.selenium.Login" tests="1" failures="0" timestamp="12 Oct 2015 03:41:34 GMT" time="10.095" errors="0">
  <testcase name="testLogin" time="10.095" classname="us.st.selenium.Login"/>
</testsuite> <!-- us.st.selenium.Login -->
