<?xml version="1.0" encoding="UTF-8"?>
<!-- Generated by org.testng.reporters.JUnitReportReporter -->
<testsuite hostname="R_O_Y-PC" name="us.st.selenium.Login" tests="1" failures="0" timestamp="1 Aug 2015 21:13:49 GMT" time="8.897" errors="0">
  <testcase name="testLogin" time="8.897" classname="us.st.selenium.Login"/>
</testsuite> <!-- us.st.selenium.Login -->
