<?xml version="1.0" encoding="UTF-8"?>
<!-- Generated by org.testng.reporters.JUnitReportReporter -->
<testsuite hostname="R_O_Y-PC" name="us.st.selenium.DeleteMovie" tests="1" failures="0" timestamp="12 Oct 2015 03:41:34 GMT" time="9.667" errors="0">
  <testcase name="testDeleteMovie" time="9.667" classname="us.st.selenium.DeleteMovie"/>
</testsuite> <!-- us.st.selenium.DeleteMovie -->
