<?xml version="1.0" encoding="UTF-8"?>
<!-- Generated by org.testng.reporters.JUnitReportReporter -->
<testsuite hostname="R_O_Y-PC" name="us.st.selenium.AddMovie" tests="1" failures="0" timestamp="1 Aug 2015 21:13:49 GMT" time="26.219" errors="0">
  <testcase name="testAddMovie" time="26.219" classname="us.st.selenium.AddMovie"/>
</testsuite> <!-- us.st.selenium.AddMovie -->
