<?xml version="1.0" encoding="UTF-8"?>
<!-- Generated by org.testng.reporters.JUnitReportReporter -->
<testsuite hostname="R_O_Y-PC" name="us.st.selenium.Login" tests="1" failures="0" timestamp="30 Jul 2015 21:22:32 GMT" time="5.514" errors="0">
  <testcase name="testLogin" time="5.514" classname="us.st.selenium.Login"/>
</testsuite> <!-- us.st.selenium.Login -->
