<?xml version="1.0" encoding="UTF-8"?>
<!-- Generated by org.testng.reporters.JUnitReportReporter -->
<testsuite hostname="R_O_Y-PC" name="us.st.selenium.AddMovie" tests="1" failures="0" timestamp="16 Aug 2015 17:33:38 GMT" time="24.038" errors="0">
  <testcase name="testAddMovie" time="24.038" classname="us.st.selenium.AddMovie"/>
</testsuite> <!-- us.st.selenium.AddMovie -->
