<?xml version="1.0" encoding="UTF-8"?>
<!-- Generated by org.testng.reporters.JUnitReportReporter -->
<testsuite hostname="R_O_Y-PC" name="us.st.selenium.DeleteMovie" tests="1" failures="0" timestamp="16 Aug 2015 17:33:38 GMT" time="9.599" errors="0">
  <testcase name="testDeleteMovie" time="9.599" classname="us.st.selenium.DeleteMovie"/>
</testsuite> <!-- us.st.selenium.DeleteMovie -->
